<?xml version="1.0" encoding="UTF-8"?>
<!-- Generated by org.testng.reporters.JUnitReportReporter -->
<testsuite hostname="inlen8520086981" failures="0" tests="1" name="Testcases.scenario_test" time="17.098" errors="0" timestamp="2024-05-07T11:06:10 IST" skipped="0">
  <testcase classname="Testcases.scenario_test" name="testsecnario" time="17.098"/>
  <system-out/>
</testsuite> <!-- Testcases.scenario_test -->
